<?xml version="1.0" encoding="UTF-8"?>
<testng-results ignored="0" total="2" passed="2" failed="0" skipped="0">
  <reporter-output>
  </reporter-output>
  <suite started-at="2024-01-13T01:15:06Z" name="Suite" finished-at="2024-01-13T01:15:08Z" duration-ms="2089">
    <groups>
      <group name="cucumber">
        <method signature="AbstractTestNGCucumberTests.runScenario(io.cucumber.testng.PickleWrapper, io.cucumber.testng.FeatureWrapper)[pri:0, instance:com.runner.LoginRunner@6fa34d52]" name="runScenario" class="io.cucumber.testng.AbstractTestNGCucumberTests"/>
        <method signature="AbstractTestNGCucumberTests.runScenario(io.cucumber.testng.PickleWrapper, io.cucumber.testng.FeatureWrapper)[pri:0, instance:com.runner.LogoutRunner@57576994]" name="runScenario" class="io.cucumber.testng.AbstractTestNGCucumberTests"/>
      </group> <!-- cucumber -->
    </groups>
    <test started-at="2024-01-13T01:15:06Z" name="Test" finished-at="2024-01-13T01:15:08Z" duration-ms="2089">
      <class name="com.runner.LogoutRunner">
        <test-method is-config="true" signature="setUpClass()[pri:0, instance:com.runner.LogoutRunner@57576994]" started-at="2024-01-13T01:15:08Z" name="setUpClass" finished-at="2024-01-13T01:15:08Z" duration-ms="14" status="PASS">
          <reporter-output>
          </reporter-output>
        </test-method> <!-- setUpClass -->
        <test-method signature="runScenario(io.cucumber.testng.PickleWrapper, io.cucumber.testng.FeatureWrapper)[pri:0, instance:com.runner.LogoutRunner@57576994]" started-at="2024-01-13T01:15:08Z" name="runScenario" description="Runs Cucumber Scenarios" data-provider="scenarios" finished-at="2024-01-13T01:15:08Z" duration-ms="10" status="PASS">
          <params>
            <param index="0">
              <value>
                <![CDATA["As a logged in user, i want to logout successfully from thr parabank website"]]>
              </value>
            </param>
            <param index="1">
              <value>
                <![CDATA["Optional[parabank logout testing]"]]>
              </value>
            </param>
          </params>
          <reporter-output>
          </reporter-output>
        </test-method> <!-- runScenario -->
        <test-method is-config="true" signature="tearDownClass()[pri:0, instance:com.runner.LogoutRunner@57576994]" started-at="2024-01-13T01:15:08Z" name="tearDownClass" finished-at="2024-01-13T01:15:08Z" duration-ms="560" status="PASS">
          <reporter-output>
          </reporter-output>
        </test-method> <!-- tearDownClass -->
      </class> <!-- com.runner.LogoutRunner -->
      <class name="com.runner.LoginRunner">
        <test-method is-config="true" signature="setup()[pri:0, instance:com.runner.LoginRunner@6fa34d52]" started-at="2024-01-13T01:15:06Z" name="setup" finished-at="2024-01-13T01:15:06Z" duration-ms="6" status="PASS">
          <reporter-output>
          </reporter-output>
        </test-method> <!-- setup -->
        <test-method is-config="true" signature="setup()[pri:0, instance:com.runner.LogoutRunner@57576994]" started-at="2024-01-13T01:15:06Z" name="setup" finished-at="2024-01-13T01:15:06Z" duration-ms="0" status="PASS">
          <reporter-output>
          </reporter-output>
        </test-method> <!-- setup -->
        <test-method is-config="true" signature="setUpClass()[pri:0, instance:com.runner.LoginRunner@6fa34d52]" started-at="2024-01-13T01:15:06Z" name="setUpClass" finished-at="2024-01-13T01:15:07Z" duration-ms="281" status="PASS">
          <reporter-output>
          </reporter-output>
        </test-method> <!-- setUpClass -->
        <test-method signature="runScenario(io.cucumber.testng.PickleWrapper, io.cucumber.testng.FeatureWrapper)[pri:0, instance:com.runner.LoginRunner@6fa34d52]" started-at="2024-01-13T01:15:07Z" name="runScenario" description="Runs Cucumber Scenarios" data-provider="scenarios" finished-at="2024-01-13T01:15:07Z" duration-ms="109" status="PASS">
          <params>
            <param index="0">
              <value>
                <![CDATA["As a user , i want to login to parabank website using valid credential"]]>
              </value>
            </param>
            <param index="1">
              <value>
                <![CDATA["Optional[parabank login testing]"]]>
              </value>
            </param>
          </params>
          <reporter-output>
          </reporter-output>
        </test-method> <!-- runScenario -->
        <test-method is-config="true" signature="tearDownClass()[pri:0, instance:com.runner.LoginRunner@6fa34d52]" started-at="2024-01-13T01:15:07Z" name="tearDownClass" finished-at="2024-01-13T01:15:08Z" duration-ms="1099" status="PASS">
          <reporter-output>
          </reporter-output>
        </test-method> <!-- tearDownClass -->
      </class> <!-- com.runner.LoginRunner -->
    </test> <!-- Test -->
  </suite> <!-- Suite -->
</testng-results>
