<?xml version="1.0" encoding="UTF-8"?>
<testng-results ignored="0" total="2" passed="2" failed="0" skipped="0">
  <reporter-output>
  </reporter-output>
  <suite started-at="2024-01-16T01:54:03Z" name="Suite" finished-at="2024-01-16T01:54:05Z" duration-ms="2734">
    <groups>
      <group name="cucumber">
        <method signature="AbstractTestNGCucumberTests.runScenario(io.cucumber.testng.PickleWrapper, io.cucumber.testng.FeatureWrapper)[pri:0, instance:com.runner.LoginRunner@3370f42]" name="runScenario" class="io.cucumber.testng.AbstractTestNGCucumberTests"/>
        <method signature="AbstractTestNGCucumberTests.runScenario(io.cucumber.testng.PickleWrapper, io.cucumber.testng.FeatureWrapper)[pri:0, instance:com.runner.LogoutRunner@6057aebb]" name="runScenario" class="io.cucumber.testng.AbstractTestNGCucumberTests"/>
      </group> <!-- cucumber -->
    </groups>
    <test started-at="2024-01-16T01:54:03Z" name="Test" finished-at="2024-01-16T01:54:05Z" duration-ms="2734">
      <class name="com.runner.LogoutRunner">
        <test-method is-config="true" signature="setUpClass()[pri:0, instance:com.runner.LogoutRunner@6057aebb]" started-at="2024-01-16T01:54:05Z" name="setUpClass" finished-at="2024-01-16T01:54:05Z" duration-ms="22" status="PASS">
          <reporter-output>
          </reporter-output>
        </test-method> <!-- setUpClass -->
        <test-method signature="runScenario(io.cucumber.testng.PickleWrapper, io.cucumber.testng.FeatureWrapper)[pri:0, instance:com.runner.LogoutRunner@6057aebb]" started-at="2024-01-16T01:54:05Z" name="runScenario" description="Runs Cucumber Scenarios" data-provider="scenarios" finished-at="2024-01-16T01:54:05Z" duration-ms="18" status="PASS">
          <params>
            <param index="0">
              <value>
                <![CDATA["As a logged in user, i want to logout successfully from thr parabank website"]]>
              </value>
            </param>
            <param index="1">
              <value>
                <![CDATA["Optional[parabank logout testing]"]]>
              </value>
            </param>
          </params>
          <reporter-output>
          </reporter-output>
        </test-method> <!-- runScenario -->
        <test-method is-config="true" signature="tearDownClass()[pri:0, instance:com.runner.LogoutRunner@6057aebb]" started-at="2024-01-16T01:54:05Z" name="tearDownClass" finished-at="2024-01-16T01:54:05Z" duration-ms="632" status="PASS">
          <reporter-output>
          </reporter-output>
        </test-method> <!-- tearDownClass -->
      </class> <!-- com.runner.LogoutRunner -->
      <class name="com.runner.LoginRunner">
        <test-method is-config="true" signature="setup()[pri:0, instance:com.runner.LoginRunner@3370f42]" started-at="2024-01-16T01:54:03Z" name="setup" finished-at="2024-01-16T01:54:03Z" duration-ms="5" status="PASS">
          <reporter-output>
          </reporter-output>
        </test-method> <!-- setup -->
        <test-method is-config="true" signature="setup()[pri:0, instance:com.runner.LogoutRunner@6057aebb]" started-at="2024-01-16T01:54:03Z" name="setup" finished-at="2024-01-16T01:54:03Z" duration-ms="0" status="PASS">
          <reporter-output>
          </reporter-output>
        </test-method> <!-- setup -->
        <test-method is-config="true" signature="setUpClass()[pri:0, instance:com.runner.LoginRunner@3370f42]" started-at="2024-01-16T01:54:03Z" name="setUpClass" finished-at="2024-01-16T01:54:03Z" duration-ms="474" status="PASS">
          <reporter-output>
          </reporter-output>
        </test-method> <!-- setUpClass -->
        <test-method signature="runScenario(io.cucumber.testng.PickleWrapper, io.cucumber.testng.FeatureWrapper)[pri:0, instance:com.runner.LoginRunner@3370f42]" started-at="2024-01-16T01:54:03Z" name="runScenario" description="Runs Cucumber Scenarios" data-provider="scenarios" finished-at="2024-01-16T01:54:03Z" duration-ms="164" status="PASS">
          <params>
            <param index="0">
              <value>
                <![CDATA["As a user , i want to login to parabank website using valid credential"]]>
              </value>
            </param>
            <param index="1">
              <value>
                <![CDATA["Optional[parabank login testing]"]]>
              </value>
            </param>
          </params>
          <reporter-output>
          </reporter-output>
        </test-method> <!-- runScenario -->
        <test-method is-config="true" signature="tearDownClass()[pri:0, instance:com.runner.LoginRunner@3370f42]" started-at="2024-01-16T01:54:03Z" name="tearDownClass" finished-at="2024-01-16T01:54:05Z" duration-ms="1399" status="PASS">
          <reporter-output>
          </reporter-output>
        </test-method> <!-- tearDownClass -->
      </class> <!-- com.runner.LoginRunner -->
    </test> <!-- Test -->
  </suite> <!-- Suite -->
</testng-results>
